2023-02-05 19:24:37,714 - mmcls - INFO - Environment info:
------------------------------------------------------------
sys.platform: linux
Python: 3.10.9 (main, Jan 11 2023, 15:21:40) [GCC 11.2.0]
CUDA available: True
GPU 0: NVIDIA GeForce RTX 3080 Laptop GPU
CUDA_HOME: /home/jumbo/miniconda3/envs/mmlab1
NVCC: Cuda compilation tools, release 11.7, V11.7.99
GCC: gcc (Ubuntu 11.3.0-1ubuntu1~22.04) 11.3.0
PyTorch: 1.13.1
PyTorch compiling details: PyTorch built with:
  - GCC 9.3
  - C++ Version: 201402
  - Intel(R) oneAPI Math Kernel Library Version 2021.4-Product Build 20210904 for Intel(R) 64 architecture applications
  - Intel(R) MKL-DNN v2.6.0 (Git Hash 52b5f107dd9cf10910aaa19cb47f3abf9b349815)
  - OpenMP 201511 (a.k.a. OpenMP 4.5)
  - LAPACK is enabled (usually provided by MKL)
  - NNPACK is enabled
  - CPU capability usage: AVX2
  - CUDA Runtime 11.7
  - NVCC architecture flags: -gencode;arch=compute_37,code=sm_37;-gencode;arch=compute_50,code=sm_50;-gencode;arch=compute_60,code=sm_60;-gencode;arch=compute_61,code=sm_61;-gencode;arch=compute_70,code=sm_70;-gencode;arch=compute_75,code=sm_75;-gencode;arch=compute_80,code=sm_80;-gencode;arch=compute_86,code=sm_86;-gencode;arch=compute_37,code=compute_37
  - CuDNN 8.5
  - Magma 2.6.1
  - Build settings: BLAS_INFO=mkl, BUILD_TYPE=Release, CUDA_VERSION=11.7, CUDNN_VERSION=8.5.0, CXX_COMPILER=/opt/rh/devtoolset-9/root/usr/bin/c++, CXX_FLAGS= -fabi-version=11 -Wno-deprecated -fvisibility-inlines-hidden -DUSE_PTHREADPOOL -fopenmp -DNDEBUG -DUSE_KINETO -DUSE_FBGEMM -DUSE_QNNPACK -DUSE_PYTORCH_QNNPACK -DUSE_XNNPACK -DSYMBOLICATE_MOBILE_DEBUG_HANDLE -DEDGE_PROFILER_USE_KINETO -O2 -fPIC -Wno-narrowing -Wall -Wextra -Werror=return-type -Werror=non-virtual-dtor -Wno-missing-field-initializers -Wno-type-limits -Wno-array-bounds -Wno-unknown-pragmas -Wunused-local-typedefs -Wno-unused-parameter -Wno-unused-function -Wno-unused-result -Wno-strict-overflow -Wno-strict-aliasing -Wno-error=deprecated-declarations -Wno-stringop-overflow -Wno-psabi -Wno-error=pedantic -Wno-error=redundant-decls -Wno-error=old-style-cast -fdiagnostics-color=always -faligned-new -Wno-unused-but-set-variable -Wno-maybe-uninitialized -fno-math-errno -fno-trapping-math -Werror=format -Werror=cast-function-type -Wno-stringop-overflow, LAPACK_INFO=mkl, PERF_WITH_AVX=1, PERF_WITH_AVX2=1, PERF_WITH_AVX512=1, TORCH_VERSION=1.13.1, USE_CUDA=ON, USE_CUDNN=ON, USE_EXCEPTION_PTR=1, USE_GFLAGS=OFF, USE_GLOG=OFF, USE_MKL=ON, USE_MKLDNN=ON, USE_MPI=OFF, USE_NCCL=ON, USE_NNPACK=ON, USE_OPENMP=ON, USE_ROCM=OFF, 

TorchVision: 0.14.1
OpenCV: 4.7.0
MMCV: 1.7.1
MMCV Compiler: GCC 9.3
MMCV CUDA Compiler: 11.7
MMClassification: 0.25.0+
------------------------------------------------------------

2023-02-05 19:24:37,714 - mmcls - INFO - Distributed training: False
2023-02-05 19:24:38,043 - mmcls - INFO - Config:
model = dict(
    type='ImageClassifier',
    backbone=dict(type='MobileNetV2', widen_factor=1.0),
    neck=dict(type='GlobalAveragePooling'),
    head=dict(
        type='LinearClsHead',
        num_classes=5,
        in_channels=1280,
        loss=dict(type='CrossEntropyLoss', loss_weight=1.0),
        topk=(1, 5)))
dataset_type = 'ImageNet'
img_norm_cfg = dict(
    mean=[123.675, 116.28, 103.53], std=[58.395, 57.12, 57.375], to_rgb=True)
train_pipeline = [
    dict(type='LoadImageFromFile'),
    dict(type='RandomResizedCrop', size=224, backend='pillow'),
    dict(type='RandomFlip', flip_prob=0.5, direction='horizontal'),
    dict(
        type='Normalize',
        mean=[123.675, 116.28, 103.53],
        std=[58.395, 57.12, 57.375],
        to_rgb=True),
    dict(type='ImageToTensor', keys=['img']),
    dict(type='ToTensor', keys=['gt_label']),
    dict(type='Collect', keys=['img', 'gt_label'])
]
test_pipeline = [
    dict(type='LoadImageFromFile'),
    dict(type='Resize', size=(256, -1), backend='pillow'),
    dict(type='CenterCrop', crop_size=224),
    dict(
        type='Normalize',
        mean=[123.675, 116.28, 103.53],
        std=[58.395, 57.12, 57.375],
        to_rgb=True),
    dict(type='ImageToTensor', keys=['img']),
    dict(type='Collect', keys=['img'])
]
data = dict(
    samples_per_gpu=64,
    workers_per_gpu=2,
    train=dict(
        type='ImageNet',
        data_prefix=
        '/home/jumbo/音乐/mmclassification-master/data/flower_datasets/train',
        ann_file=
        '/home/jumbo/音乐/mmclassification-master/data/flower_datasets/train.txt',
        classes=
        '/home/jumbo/音乐/mmclassification-master/data/flower_datasets/classes.txt',
        pipeline=[
            dict(type='LoadImageFromFile'),
            dict(type='RandomResizedCrop', size=224, backend='pillow'),
            dict(type='RandomFlip', flip_prob=0.5, direction='horizontal'),
            dict(
                type='Normalize',
                mean=[123.675, 116.28, 103.53],
                std=[58.395, 57.12, 57.375],
                to_rgb=True),
            dict(type='ImageToTensor', keys=['img']),
            dict(type='ToTensor', keys=['gt_label']),
            dict(type='Collect', keys=['img', 'gt_label'])
        ]),
    val=dict(
        type='ImageNet',
        data_prefix=
        '/home/jumbo/音乐/mmclassification-master/data/flower_datasets/val',
        ann_file=
        '/home/jumbo/音乐/mmclassification-master/data/flower_datasets/val.txt',
        classes=
        '/home/jumbo/音乐/mmclassification-master/data/flower_datasets/classes.txt',
        pipeline=[
            dict(type='LoadImageFromFile'),
            dict(type='Resize', size=(256, -1), backend='pillow'),
            dict(type='CenterCrop', crop_size=224),
            dict(
                type='Normalize',
                mean=[123.675, 116.28, 103.53],
                std=[58.395, 57.12, 57.375],
                to_rgb=True),
            dict(type='ImageToTensor', keys=['img']),
            dict(type='Collect', keys=['img'])
        ]),
    test=dict(
        type='ImageNet',
        data_prefix=
        '/home/jumbo/音乐/mmclassification-master/data/flower_datasets/val',
        ann_file=
        '/home/jumbo/音乐/mmclassification-master/data/flower_datasets/val.txt',
        classes=
        '/home/jumbo/音乐/mmclassification-master/data/flower_datasets/classes.txt',
        pipeline=[
            dict(type='LoadImageFromFile'),
            dict(type='Resize', size=(256, -1), backend='pillow'),
            dict(type='CenterCrop', crop_size=224),
            dict(
                type='Normalize',
                mean=[123.675, 116.28, 103.53],
                std=[58.395, 57.12, 57.375],
                to_rgb=True),
            dict(type='ImageToTensor', keys=['img']),
            dict(type='Collect', keys=['img'])
        ]))
evaluation = dict(interval=1, metric='accuracy')
optimizer = dict(type='SGD', lr=0.001, momentum=0.9, weight_decay=4e-05)
optimizer_config = dict(grad_clip=None)
lr_config = dict(policy='step', gamma=0.98, step=1)
runner = dict(type='EpochBasedRunner', max_epochs=500)
checkpoint_config = dict(interval=1)
log_config = dict(interval=100, hooks=[dict(type='TextLoggerHook')])
dist_params = dict(backend='nccl')
log_level = 'INFO'
load_from = '/home/jumbo/音乐/mmclassification-master/checkpoints/mobilenet_v2_batch256_imagenet_20200708-3b2dc3af.pth'
resume_from = None
workflow = [('train', 1)]
work_dir = 'work/mobilnetv2_flower'
gpu_ids = [0]

2023-02-05 19:24:38,043 - mmcls - INFO - Set random seed to 1847171474, deterministic: False
2023-02-05 19:24:39,095 - mmcls - INFO - load checkpoint from local path: /home/jumbo/音乐/mmclassification-master/checkpoints/mobilenet_v2_batch256_imagenet_20200708-3b2dc3af.pth
2023-02-05 19:24:39,112 - mmcls - WARNING - The model and loaded state dict do not match exactly

size mismatch for head.fc.weight: copying a param with shape torch.Size([1000, 1280]) from checkpoint, the shape in current model is torch.Size([5, 1280]).
size mismatch for head.fc.bias: copying a param with shape torch.Size([1000]) from checkpoint, the shape in current model is torch.Size([5]).
2023-02-05 19:24:39,112 - mmcls - INFO - Start running, host: jumbo@jumbo-Legion-7-16ITHg6, work_dir: /home/jumbo/音乐/mmclassification-master/work/mobilnetv2_flower
2023-02-05 19:24:39,113 - mmcls - INFO - Hooks will be executed in the following order:
before_run:
(VERY_HIGH   ) StepLrUpdaterHook                  
(NORMAL      ) CheckpointHook                     
(LOW         ) EvalHook                           
(VERY_LOW    ) TextLoggerHook                     
 -------------------- 
before_train_epoch:
(VERY_HIGH   ) StepLrUpdaterHook                  
(LOW         ) IterTimerHook                      
(LOW         ) EvalHook                           
(VERY_LOW    ) TextLoggerHook                     
 -------------------- 
before_train_iter:
(VERY_HIGH   ) StepLrUpdaterHook                  
(LOW         ) IterTimerHook                      
(LOW         ) EvalHook                           
 -------------------- 
after_train_iter:
(ABOVE_NORMAL) OptimizerHook                      
(NORMAL      ) CheckpointHook                     
(LOW         ) IterTimerHook                      
(LOW         ) EvalHook                           
(VERY_LOW    ) TextLoggerHook                     
 -------------------- 
after_train_epoch:
(NORMAL      ) CheckpointHook                     
(LOW         ) EvalHook                           
(VERY_LOW    ) TextLoggerHook                     
 -------------------- 
before_val_epoch:
(LOW         ) IterTimerHook                      
(VERY_LOW    ) TextLoggerHook                     
 -------------------- 
before_val_iter:
(LOW         ) IterTimerHook                      
 -------------------- 
after_val_iter:
(LOW         ) IterTimerHook                      
 -------------------- 
after_val_epoch:
(VERY_LOW    ) TextLoggerHook                     
 -------------------- 
after_run:
(VERY_LOW    ) TextLoggerHook                     
 -------------------- 
2023-02-05 19:24:39,113 - mmcls - INFO - workflow: [('train', 1)], max: 500 epochs
2023-02-05 19:24:39,113 - mmcls - INFO - Checkpoints will be saved to /home/jumbo/音乐/mmclassification-master/work/mobilnetv2_flower by HardDiskBackend.
2023-02-05 19:24:46,325 - mmcls - INFO - Saving checkpoint at 1 epochs
2023-02-05 19:24:47,274 - mmcls - INFO - Epoch(val) [1][9]	accuracy_top-1: 92.4561, accuracy_top-5: 100.0000
2023-02-05 19:24:53,405 - mmcls - INFO - Saving checkpoint at 2 epochs
2023-02-05 19:24:54,247 - mmcls - INFO - Epoch(val) [2][9]	accuracy_top-1: 93.5088, accuracy_top-5: 100.0000
2023-02-05 19:25:00,402 - mmcls - INFO - Saving checkpoint at 3 epochs
2023-02-05 19:25:01,240 - mmcls - INFO - Epoch(val) [3][9]	accuracy_top-1: 94.2105, accuracy_top-5: 100.0000
2023-02-05 19:25:07,376 - mmcls - INFO - Saving checkpoint at 4 epochs
2023-02-05 19:25:08,214 - mmcls - INFO - Epoch(val) [4][9]	accuracy_top-1: 94.9123, accuracy_top-5: 100.0000
2023-02-05 19:25:14,371 - mmcls - INFO - Saving checkpoint at 5 epochs
2023-02-05 19:25:15,204 - mmcls - INFO - Epoch(val) [5][9]	accuracy_top-1: 94.9123, accuracy_top-5: 100.0000
2023-02-05 19:25:21,351 - mmcls - INFO - Saving checkpoint at 6 epochs
2023-02-05 19:25:22,210 - mmcls - INFO - Epoch(val) [6][9]	accuracy_top-1: 95.0877, accuracy_top-5: 100.0000
2023-02-05 19:25:28,357 - mmcls - INFO - Saving checkpoint at 7 epochs
2023-02-05 19:25:29,227 - mmcls - INFO - Epoch(val) [7][9]	accuracy_top-1: 95.0877, accuracy_top-5: 100.0000
2023-02-05 19:25:35,379 - mmcls - INFO - Saving checkpoint at 8 epochs
2023-02-05 19:25:36,222 - mmcls - INFO - Epoch(val) [8][9]	accuracy_top-1: 95.2632, accuracy_top-5: 100.0000
2023-02-05 19:25:42,380 - mmcls - INFO - Saving checkpoint at 9 epochs
2023-02-05 19:25:43,214 - mmcls - INFO - Epoch(val) [9][9]	accuracy_top-1: 95.4386, accuracy_top-5: 100.0000
2023-02-05 19:25:49,366 - mmcls - INFO - Saving checkpoint at 10 epochs
2023-02-05 19:25:50,204 - mmcls - INFO - Epoch(val) [10][9]	accuracy_top-1: 95.7895, accuracy_top-5: 100.0000
2023-02-05 19:25:56,353 - mmcls - INFO - Saving checkpoint at 11 epochs
2023-02-05 19:25:57,264 - mmcls - INFO - Epoch(val) [11][9]	accuracy_top-1: 95.6140, accuracy_top-5: 100.0000
2023-02-05 19:26:03,425 - mmcls - INFO - Saving checkpoint at 12 epochs
2023-02-05 19:26:04,310 - mmcls - INFO - Epoch(val) [12][9]	accuracy_top-1: 95.4386, accuracy_top-5: 100.0000
2023-02-05 19:26:10,468 - mmcls - INFO - Saving checkpoint at 13 epochs
2023-02-05 19:26:11,344 - mmcls - INFO - Epoch(val) [13][9]	accuracy_top-1: 95.2632, accuracy_top-5: 100.0000
2023-02-05 19:26:17,501 - mmcls - INFO - Saving checkpoint at 14 epochs
2023-02-05 19:26:18,374 - mmcls - INFO - Epoch(val) [14][9]	accuracy_top-1: 95.9649, accuracy_top-5: 100.0000
2023-02-05 19:26:24,514 - mmcls - INFO - Saving checkpoint at 15 epochs
2023-02-05 19:26:25,386 - mmcls - INFO - Epoch(val) [15][9]	accuracy_top-1: 95.9649, accuracy_top-5: 100.0000
2023-02-05 19:26:31,529 - mmcls - INFO - Saving checkpoint at 16 epochs
2023-02-05 19:26:32,401 - mmcls - INFO - Epoch(val) [16][9]	accuracy_top-1: 95.7895, accuracy_top-5: 100.0000
2023-02-05 19:26:38,547 - mmcls - INFO - Saving checkpoint at 17 epochs
2023-02-05 19:26:39,422 - mmcls - INFO - Epoch(val) [17][9]	accuracy_top-1: 96.1404, accuracy_top-5: 100.0000
2023-02-05 19:26:45,574 - mmcls - INFO - Saving checkpoint at 18 epochs
2023-02-05 19:26:46,447 - mmcls - INFO - Epoch(val) [18][9]	accuracy_top-1: 95.4386, accuracy_top-5: 100.0000
2023-02-05 19:26:52,611 - mmcls - INFO - Saving checkpoint at 19 epochs
2023-02-05 19:26:53,485 - mmcls - INFO - Epoch(val) [19][9]	accuracy_top-1: 95.6140, accuracy_top-5: 100.0000
2023-02-05 19:26:59,631 - mmcls - INFO - Saving checkpoint at 20 epochs
2023-02-05 19:27:00,502 - mmcls - INFO - Epoch(val) [20][9]	accuracy_top-1: 95.9649, accuracy_top-5: 100.0000
2023-02-05 19:27:06,652 - mmcls - INFO - Saving checkpoint at 21 epochs
2023-02-05 19:27:07,487 - mmcls - INFO - Epoch(val) [21][9]	accuracy_top-1: 95.6140, accuracy_top-5: 100.0000
2023-02-05 19:27:13,634 - mmcls - INFO - Saving checkpoint at 22 epochs
2023-02-05 19:27:14,556 - mmcls - INFO - Epoch(val) [22][9]	accuracy_top-1: 96.1404, accuracy_top-5: 100.0000
2023-02-05 19:27:20,716 - mmcls - INFO - Saving checkpoint at 23 epochs
2023-02-05 19:27:21,640 - mmcls - INFO - Epoch(val) [23][9]	accuracy_top-1: 95.6140, accuracy_top-5: 100.0000
2023-02-05 19:27:27,777 - mmcls - INFO - Saving checkpoint at 24 epochs
2023-02-05 19:27:28,700 - mmcls - INFO - Epoch(val) [24][9]	accuracy_top-1: 96.4912, accuracy_top-5: 100.0000
2023-02-05 19:27:34,848 - mmcls - INFO - Saving checkpoint at 25 epochs
2023-02-05 19:27:35,707 - mmcls - INFO - Epoch(val) [25][9]	accuracy_top-1: 96.6667, accuracy_top-5: 100.0000
2023-02-05 19:27:41,842 - mmcls - INFO - Saving checkpoint at 26 epochs
2023-02-05 19:27:42,685 - mmcls - INFO - Epoch(val) [26][9]	accuracy_top-1: 96.6667, accuracy_top-5: 100.0000
2023-02-05 19:27:48,837 - mmcls - INFO - Saving checkpoint at 27 epochs
2023-02-05 19:27:49,696 - mmcls - INFO - Epoch(val) [27][9]	accuracy_top-1: 95.9649, accuracy_top-5: 100.0000
2023-02-05 19:27:55,855 - mmcls - INFO - Saving checkpoint at 28 epochs
2023-02-05 19:27:56,735 - mmcls - INFO - Epoch(val) [28][9]	accuracy_top-1: 96.4912, accuracy_top-5: 100.0000
2023-02-05 19:28:02,893 - mmcls - INFO - Saving checkpoint at 29 epochs
2023-02-05 19:28:03,733 - mmcls - INFO - Epoch(val) [29][9]	accuracy_top-1: 96.1404, accuracy_top-5: 100.0000
2023-02-05 19:28:09,898 - mmcls - INFO - Saving checkpoint at 30 epochs
2023-02-05 19:28:10,732 - mmcls - INFO - Epoch(val) [30][9]	accuracy_top-1: 95.9649, accuracy_top-5: 100.0000
2023-02-05 19:28:16,880 - mmcls - INFO - Saving checkpoint at 31 epochs
2023-02-05 19:28:17,720 - mmcls - INFO - Epoch(val) [31][9]	accuracy_top-1: 95.7895, accuracy_top-5: 100.0000
2023-02-05 19:28:23,881 - mmcls - INFO - Saving checkpoint at 32 epochs
2023-02-05 19:28:24,716 - mmcls - INFO - Epoch(val) [32][9]	accuracy_top-1: 95.7895, accuracy_top-5: 100.0000
2023-02-05 19:28:30,866 - mmcls - INFO - Saving checkpoint at 33 epochs
2023-02-05 19:28:31,704 - mmcls - INFO - Epoch(val) [33][9]	accuracy_top-1: 96.6667, accuracy_top-5: 100.0000
2023-02-05 19:28:37,848 - mmcls - INFO - Saving checkpoint at 34 epochs
2023-02-05 19:28:38,686 - mmcls - INFO - Epoch(val) [34][9]	accuracy_top-1: 96.4912, accuracy_top-5: 100.0000
2023-02-05 19:28:44,836 - mmcls - INFO - Saving checkpoint at 35 epochs
2023-02-05 19:28:45,676 - mmcls - INFO - Epoch(val) [35][9]	accuracy_top-1: 95.9649, accuracy_top-5: 100.0000
2023-02-05 19:28:51,838 - mmcls - INFO - Saving checkpoint at 36 epochs
2023-02-05 19:28:52,676 - mmcls - INFO - Epoch(val) [36][9]	accuracy_top-1: 96.4912, accuracy_top-5: 100.0000
2023-02-05 19:28:58,821 - mmcls - INFO - Saving checkpoint at 37 epochs
2023-02-05 19:28:59,666 - mmcls - INFO - Epoch(val) [37][9]	accuracy_top-1: 96.4912, accuracy_top-5: 100.0000
2023-02-05 19:29:05,807 - mmcls - INFO - Saving checkpoint at 38 epochs
2023-02-05 19:29:06,648 - mmcls - INFO - Epoch(val) [38][9]	accuracy_top-1: 96.3158, accuracy_top-5: 100.0000
2023-02-05 19:29:12,804 - mmcls - INFO - Saving checkpoint at 39 epochs
2023-02-05 19:29:13,646 - mmcls - INFO - Epoch(val) [39][9]	accuracy_top-1: 96.1404, accuracy_top-5: 100.0000
2023-02-05 19:29:19,799 - mmcls - INFO - Saving checkpoint at 40 epochs
2023-02-05 19:29:20,642 - mmcls - INFO - Epoch(val) [40][9]	accuracy_top-1: 96.6667, accuracy_top-5: 100.0000
2023-02-05 19:29:26,790 - mmcls - INFO - Saving checkpoint at 41 epochs
2023-02-05 19:29:27,632 - mmcls - INFO - Epoch(val) [41][9]	accuracy_top-1: 96.1404, accuracy_top-5: 100.0000
2023-02-05 19:29:33,776 - mmcls - INFO - Saving checkpoint at 42 epochs
2023-02-05 19:29:34,611 - mmcls - INFO - Epoch(val) [42][9]	accuracy_top-1: 96.6667, accuracy_top-5: 100.0000
2023-02-05 19:29:40,752 - mmcls - INFO - Saving checkpoint at 43 epochs
2023-02-05 19:29:41,589 - mmcls - INFO - Epoch(val) [43][9]	accuracy_top-1: 96.4912, accuracy_top-5: 100.0000
2023-02-05 19:29:47,735 - mmcls - INFO - Saving checkpoint at 44 epochs
2023-02-05 19:29:48,570 - mmcls - INFO - Epoch(val) [44][9]	accuracy_top-1: 97.0175, accuracy_top-5: 100.0000
2023-02-05 19:29:54,722 - mmcls - INFO - Saving checkpoint at 45 epochs
2023-02-05 19:29:55,561 - mmcls - INFO - Epoch(val) [45][9]	accuracy_top-1: 96.6667, accuracy_top-5: 100.0000
2023-02-05 19:30:01,725 - mmcls - INFO - Saving checkpoint at 46 epochs
2023-02-05 19:30:02,562 - mmcls - INFO - Epoch(val) [46][9]	accuracy_top-1: 96.8421, accuracy_top-5: 100.0000
2023-02-05 19:30:08,700 - mmcls - INFO - Saving checkpoint at 47 epochs
2023-02-05 19:30:09,539 - mmcls - INFO - Epoch(val) [47][9]	accuracy_top-1: 96.4912, accuracy_top-5: 100.0000
2023-02-05 19:30:15,681 - mmcls - INFO - Saving checkpoint at 48 epochs
2023-02-05 19:30:16,518 - mmcls - INFO - Epoch(val) [48][9]	accuracy_top-1: 96.4912, accuracy_top-5: 100.0000
2023-02-05 19:30:22,671 - mmcls - INFO - Saving checkpoint at 49 epochs
2023-02-05 19:30:23,508 - mmcls - INFO - Epoch(val) [49][9]	accuracy_top-1: 96.6667, accuracy_top-5: 100.0000
2023-02-05 19:30:29,651 - mmcls - INFO - Saving checkpoint at 50 epochs
2023-02-05 19:30:30,486 - mmcls - INFO - Epoch(val) [50][9]	accuracy_top-1: 95.9649, accuracy_top-5: 100.0000
2023-02-05 19:30:36,643 - mmcls - INFO - Saving checkpoint at 51 epochs
2023-02-05 19:30:37,482 - mmcls - INFO - Epoch(val) [51][9]	accuracy_top-1: 96.8421, accuracy_top-5: 100.0000
2023-02-05 19:30:43,631 - mmcls - INFO - Saving checkpoint at 52 epochs
2023-02-05 19:30:44,469 - mmcls - INFO - Epoch(val) [52][9]	accuracy_top-1: 97.0175, accuracy_top-5: 100.0000
2023-02-05 19:30:50,610 - mmcls - INFO - Saving checkpoint at 53 epochs
2023-02-05 19:30:51,451 - mmcls - INFO - Epoch(val) [53][9]	accuracy_top-1: 96.8421, accuracy_top-5: 100.0000
2023-02-05 19:30:57,607 - mmcls - INFO - Saving checkpoint at 54 epochs
2023-02-05 19:30:58,445 - mmcls - INFO - Epoch(val) [54][9]	accuracy_top-1: 96.3158, accuracy_top-5: 100.0000
2023-02-05 19:31:04,577 - mmcls - INFO - Saving checkpoint at 55 epochs
2023-02-05 19:31:05,415 - mmcls - INFO - Epoch(val) [55][9]	accuracy_top-1: 96.6667, accuracy_top-5: 100.0000
2023-02-05 19:31:11,571 - mmcls - INFO - Saving checkpoint at 56 epochs
2023-02-05 19:31:12,408 - mmcls - INFO - Epoch(val) [56][9]	accuracy_top-1: 96.4912, accuracy_top-5: 100.0000
2023-02-05 19:31:18,556 - mmcls - INFO - Saving checkpoint at 57 epochs
2023-02-05 19:31:19,400 - mmcls - INFO - Epoch(val) [57][9]	accuracy_top-1: 95.9649, accuracy_top-5: 100.0000
2023-02-05 19:31:25,540 - mmcls - INFO - Saving checkpoint at 58 epochs
2023-02-05 19:31:26,377 - mmcls - INFO - Epoch(val) [58][9]	accuracy_top-1: 96.6667, accuracy_top-5: 100.0000
2023-02-05 19:31:32,525 - mmcls - INFO - Saving checkpoint at 59 epochs
2023-02-05 19:31:33,367 - mmcls - INFO - Epoch(val) [59][9]	accuracy_top-1: 96.6667, accuracy_top-5: 100.0000
2023-02-05 19:31:39,523 - mmcls - INFO - Saving checkpoint at 60 epochs
2023-02-05 19:31:40,394 - mmcls - INFO - Epoch(val) [60][9]	accuracy_top-1: 96.4912, accuracy_top-5: 100.0000
2023-02-05 19:31:46,537 - mmcls - INFO - Saving checkpoint at 61 epochs
2023-02-05 19:31:47,379 - mmcls - INFO - Epoch(val) [61][9]	accuracy_top-1: 96.6667, accuracy_top-5: 100.0000
2023-02-05 19:31:53,525 - mmcls - INFO - Saving checkpoint at 62 epochs
2023-02-05 19:31:54,360 - mmcls - INFO - Epoch(val) [62][9]	accuracy_top-1: 96.6667, accuracy_top-5: 100.0000
2023-02-05 19:32:00,514 - mmcls - INFO - Saving checkpoint at 63 epochs
2023-02-05 19:32:01,357 - mmcls - INFO - Epoch(val) [63][9]	accuracy_top-1: 96.3158, accuracy_top-5: 100.0000
2023-02-05 19:32:07,494 - mmcls - INFO - Saving checkpoint at 64 epochs
2023-02-05 19:32:08,341 - mmcls - INFO - Epoch(val) [64][9]	accuracy_top-1: 96.6667, accuracy_top-5: 100.0000
2023-02-05 19:32:14,495 - mmcls - INFO - Saving checkpoint at 65 epochs
2023-02-05 19:32:15,339 - mmcls - INFO - Epoch(val) [65][9]	accuracy_top-1: 96.4912, accuracy_top-5: 100.0000
2023-02-05 19:32:21,484 - mmcls - INFO - Saving checkpoint at 66 epochs
2023-02-05 19:32:22,329 - mmcls - INFO - Epoch(val) [66][9]	accuracy_top-1: 96.3158, accuracy_top-5: 100.0000
2023-02-05 19:32:28,470 - mmcls - INFO - Saving checkpoint at 67 epochs
2023-02-05 19:32:29,310 - mmcls - INFO - Epoch(val) [67][9]	accuracy_top-1: 96.4912, accuracy_top-5: 100.0000
2023-02-05 19:32:35,454 - mmcls - INFO - Saving checkpoint at 68 epochs
2023-02-05 19:32:36,291 - mmcls - INFO - Epoch(val) [68][9]	accuracy_top-1: 96.3158, accuracy_top-5: 100.0000
2023-02-05 19:32:42,435 - mmcls - INFO - Saving checkpoint at 69 epochs
2023-02-05 19:32:43,276 - mmcls - INFO - Epoch(val) [69][9]	accuracy_top-1: 96.4912, accuracy_top-5: 100.0000
2023-02-05 19:32:49,416 - mmcls - INFO - Saving checkpoint at 70 epochs
2023-02-05 19:32:50,253 - mmcls - INFO - Epoch(val) [70][9]	accuracy_top-1: 96.6667, accuracy_top-5: 100.0000
2023-02-05 19:32:56,409 - mmcls - INFO - Saving checkpoint at 71 epochs
2023-02-05 19:32:57,249 - mmcls - INFO - Epoch(val) [71][9]	accuracy_top-1: 96.6667, accuracy_top-5: 100.0000
2023-02-05 19:33:03,394 - mmcls - INFO - Saving checkpoint at 72 epochs
2023-02-05 19:33:04,230 - mmcls - INFO - Epoch(val) [72][9]	accuracy_top-1: 96.1404, accuracy_top-5: 100.0000
2023-02-05 19:33:10,385 - mmcls - INFO - Saving checkpoint at 73 epochs
2023-02-05 19:33:11,224 - mmcls - INFO - Epoch(val) [73][9]	accuracy_top-1: 96.3158, accuracy_top-5: 100.0000
2023-02-05 19:33:17,376 - mmcls - INFO - Saving checkpoint at 74 epochs
2023-02-05 19:33:18,214 - mmcls - INFO - Epoch(val) [74][9]	accuracy_top-1: 96.4912, accuracy_top-5: 100.0000
2023-02-05 19:33:24,370 - mmcls - INFO - Saving checkpoint at 75 epochs
2023-02-05 19:33:25,210 - mmcls - INFO - Epoch(val) [75][9]	accuracy_top-1: 96.3158, accuracy_top-5: 100.0000
2023-02-05 19:33:31,354 - mmcls - INFO - Saving checkpoint at 76 epochs
2023-02-05 19:33:32,192 - mmcls - INFO - Epoch(val) [76][9]	accuracy_top-1: 96.3158, accuracy_top-5: 100.0000
2023-02-05 19:33:38,331 - mmcls - INFO - Saving checkpoint at 77 epochs
2023-02-05 19:33:39,169 - mmcls - INFO - Epoch(val) [77][9]	accuracy_top-1: 96.4912, accuracy_top-5: 100.0000
2023-02-05 19:33:45,317 - mmcls - INFO - Saving checkpoint at 78 epochs
2023-02-05 19:33:46,155 - mmcls - INFO - Epoch(val) [78][9]	accuracy_top-1: 96.6667, accuracy_top-5: 100.0000
2023-02-05 19:33:52,312 - mmcls - INFO - Saving checkpoint at 79 epochs
2023-02-05 19:33:53,152 - mmcls - INFO - Epoch(val) [79][9]	accuracy_top-1: 96.4912, accuracy_top-5: 100.0000
2023-02-05 19:33:59,295 - mmcls - INFO - Saving checkpoint at 80 epochs
2023-02-05 19:34:00,133 - mmcls - INFO - Epoch(val) [80][9]	accuracy_top-1: 96.6667, accuracy_top-5: 100.0000
2023-02-05 19:34:06,288 - mmcls - INFO - Saving checkpoint at 81 epochs
2023-02-05 19:34:07,128 - mmcls - INFO - Epoch(val) [81][9]	accuracy_top-1: 96.6667, accuracy_top-5: 100.0000
2023-02-05 19:34:13,277 - mmcls - INFO - Saving checkpoint at 82 epochs
2023-02-05 19:34:14,115 - mmcls - INFO - Epoch(val) [82][9]	accuracy_top-1: 96.6667, accuracy_top-5: 100.0000
2023-02-05 19:34:20,267 - mmcls - INFO - Saving checkpoint at 83 epochs
2023-02-05 19:34:21,106 - mmcls - INFO - Epoch(val) [83][9]	accuracy_top-1: 96.6667, accuracy_top-5: 100.0000
2023-02-05 19:34:27,268 - mmcls - INFO - Saving checkpoint at 84 epochs
2023-02-05 19:34:28,105 - mmcls - INFO - Epoch(val) [84][9]	accuracy_top-1: 96.6667, accuracy_top-5: 100.0000
2023-02-05 19:34:34,247 - mmcls - INFO - Saving checkpoint at 85 epochs
2023-02-05 19:34:35,087 - mmcls - INFO - Epoch(val) [85][9]	accuracy_top-1: 96.4912, accuracy_top-5: 100.0000
2023-02-05 19:34:41,244 - mmcls - INFO - Saving checkpoint at 86 epochs
2023-02-05 19:34:42,082 - mmcls - INFO - Epoch(val) [86][9]	accuracy_top-1: 96.8421, accuracy_top-5: 100.0000
2023-02-05 19:34:48,223 - mmcls - INFO - Saving checkpoint at 87 epochs
2023-02-05 19:34:49,062 - mmcls - INFO - Epoch(val) [87][9]	accuracy_top-1: 96.6667, accuracy_top-5: 100.0000
2023-02-05 19:34:55,204 - mmcls - INFO - Saving checkpoint at 88 epochs
2023-02-05 19:34:56,043 - mmcls - INFO - Epoch(val) [88][9]	accuracy_top-1: 96.6667, accuracy_top-5: 100.0000
2023-02-05 19:35:02,178 - mmcls - INFO - Saving checkpoint at 89 epochs
2023-02-05 19:35:03,018 - mmcls - INFO - Epoch(val) [89][9]	accuracy_top-1: 97.3684, accuracy_top-5: 100.0000
2023-02-05 19:35:09,165 - mmcls - INFO - Saving checkpoint at 90 epochs
2023-02-05 19:35:10,002 - mmcls - INFO - Epoch(val) [90][9]	accuracy_top-1: 96.3158, accuracy_top-5: 100.0000
2023-02-05 19:35:16,143 - mmcls - INFO - Saving checkpoint at 91 epochs
2023-02-05 19:35:16,982 - mmcls - INFO - Epoch(val) [91][9]	accuracy_top-1: 96.6667, accuracy_top-5: 100.0000
2023-02-05 19:35:23,132 - mmcls - INFO - Saving checkpoint at 92 epochs
2023-02-05 19:35:23,967 - mmcls - INFO - Epoch(val) [92][9]	accuracy_top-1: 96.4912, accuracy_top-5: 100.0000
2023-02-05 19:35:30,115 - mmcls - INFO - Saving checkpoint at 93 epochs
2023-02-05 19:35:30,954 - mmcls - INFO - Epoch(val) [93][9]	accuracy_top-1: 96.8421, accuracy_top-5: 100.0000
2023-02-05 19:35:37,106 - mmcls - INFO - Saving checkpoint at 94 epochs
2023-02-05 19:35:37,946 - mmcls - INFO - Epoch(val) [94][9]	accuracy_top-1: 96.1404, accuracy_top-5: 100.0000
2023-02-05 19:35:44,107 - mmcls - INFO - Saving checkpoint at 95 epochs
2023-02-05 19:35:44,949 - mmcls - INFO - Epoch(val) [95][9]	accuracy_top-1: 96.8421, accuracy_top-5: 100.0000
2023-02-05 19:35:51,100 - mmcls - INFO - Saving checkpoint at 96 epochs
2023-02-05 19:35:51,942 - mmcls - INFO - Epoch(val) [96][9]	accuracy_top-1: 96.8421, accuracy_top-5: 100.0000
2023-02-05 19:35:58,089 - mmcls - INFO - Saving checkpoint at 97 epochs
2023-02-05 19:35:58,929 - mmcls - INFO - Epoch(val) [97][9]	accuracy_top-1: 96.4912, accuracy_top-5: 100.0000
2023-02-05 19:36:05,077 - mmcls - INFO - Saving checkpoint at 98 epochs
2023-02-05 19:36:05,913 - mmcls - INFO - Epoch(val) [98][9]	accuracy_top-1: 96.6667, accuracy_top-5: 100.0000
2023-02-05 19:36:12,077 - mmcls - INFO - Saving checkpoint at 99 epochs
2023-02-05 19:36:12,917 - mmcls - INFO - Epoch(val) [99][9]	accuracy_top-1: 96.4912, accuracy_top-5: 100.0000
2023-02-05 19:36:19,082 - mmcls - INFO - Saving checkpoint at 100 epochs
2023-02-05 19:36:19,922 - mmcls - INFO - Epoch(val) [100][9]	accuracy_top-1: 96.3158, accuracy_top-5: 100.0000
2023-02-05 19:36:26,069 - mmcls - INFO - Saving checkpoint at 101 epochs
2023-02-05 19:36:26,908 - mmcls - INFO - Epoch(val) [101][9]	accuracy_top-1: 96.6667, accuracy_top-5: 100.0000
2023-02-05 19:36:33,047 - mmcls - INFO - Saving checkpoint at 102 epochs
2023-02-05 19:36:33,887 - mmcls - INFO - Epoch(val) [102][9]	accuracy_top-1: 96.4912, accuracy_top-5: 100.0000
2023-02-05 19:36:40,054 - mmcls - INFO - Saving checkpoint at 103 epochs
2023-02-05 19:36:40,892 - mmcls - INFO - Epoch(val) [103][9]	accuracy_top-1: 96.8421, accuracy_top-5: 100.0000
2023-02-05 19:36:47,035 - mmcls - INFO - Saving checkpoint at 104 epochs
2023-02-05 19:36:47,879 - mmcls - INFO - Epoch(val) [104][9]	accuracy_top-1: 96.8421, accuracy_top-5: 100.0000
2023-02-05 19:36:54,023 - mmcls - INFO - Saving checkpoint at 105 epochs
2023-02-05 19:36:54,915 - mmcls - INFO - Epoch(val) [105][9]	accuracy_top-1: 96.6667, accuracy_top-5: 100.0000
2023-02-05 19:37:01,068 - mmcls - INFO - Saving checkpoint at 106 epochs
2023-02-05 19:37:01,952 - mmcls - INFO - Epoch(val) [106][9]	accuracy_top-1: 96.4912, accuracy_top-5: 100.0000
2023-02-05 19:37:08,097 - mmcls - INFO - Saving checkpoint at 107 epochs
2023-02-05 19:37:08,996 - mmcls - INFO - Epoch(val) [107][9]	accuracy_top-1: 96.6667, accuracy_top-5: 100.0000
2023-02-05 19:37:15,160 - mmcls - INFO - Saving checkpoint at 108 epochs
2023-02-05 19:37:15,997 - mmcls - INFO - Epoch(val) [108][9]	accuracy_top-1: 96.8421, accuracy_top-5: 100.0000
2023-02-05 19:37:22,140 - mmcls - INFO - Saving checkpoint at 109 epochs
2023-02-05 19:37:22,979 - mmcls - INFO - Epoch(val) [109][9]	accuracy_top-1: 96.6667, accuracy_top-5: 100.0000
2023-02-05 19:37:29,131 - mmcls - INFO - Saving checkpoint at 110 epochs
2023-02-05 19:37:29,968 - mmcls - INFO - Epoch(val) [110][9]	accuracy_top-1: 97.0175, accuracy_top-5: 100.0000
2023-02-05 19:37:36,109 - mmcls - INFO - Saving checkpoint at 111 epochs
2023-02-05 19:37:36,948 - mmcls - INFO - Epoch(val) [111][9]	accuracy_top-1: 96.6667, accuracy_top-5: 100.0000
2023-02-05 19:37:43,114 - mmcls - INFO - Saving checkpoint at 112 epochs
2023-02-05 19:37:43,951 - mmcls - INFO - Epoch(val) [112][9]	accuracy_top-1: 96.8421, accuracy_top-5: 100.0000
2023-02-05 19:37:50,106 - mmcls - INFO - Saving checkpoint at 113 epochs
2023-02-05 19:37:50,945 - mmcls - INFO - Epoch(val) [113][9]	accuracy_top-1: 96.3158, accuracy_top-5: 100.0000
2023-02-05 19:37:57,098 - mmcls - INFO - Saving checkpoint at 114 epochs
2023-02-05 19:37:57,956 - mmcls - INFO - Epoch(val) [114][9]	accuracy_top-1: 97.0175, accuracy_top-5: 100.0000
2023-02-05 19:38:04,117 - mmcls - INFO - Saving checkpoint at 115 epochs
2023-02-05 19:38:04,971 - mmcls - INFO - Epoch(val) [115][9]	accuracy_top-1: 96.8421, accuracy_top-5: 100.0000
2023-02-05 19:38:11,128 - mmcls - INFO - Saving checkpoint at 116 epochs
2023-02-05 19:38:11,971 - mmcls - INFO - Epoch(val) [116][9]	accuracy_top-1: 96.8421, accuracy_top-5: 100.0000
2023-02-05 19:38:18,106 - mmcls - INFO - Saving checkpoint at 117 epochs
2023-02-05 19:38:18,955 - mmcls - INFO - Epoch(val) [117][9]	accuracy_top-1: 96.8421, accuracy_top-5: 100.0000
2023-02-05 19:38:25,115 - mmcls - INFO - Saving checkpoint at 118 epochs
2023-02-05 19:38:25,957 - mmcls - INFO - Epoch(val) [118][9]	accuracy_top-1: 96.8421, accuracy_top-5: 100.0000
2023-02-05 19:38:32,100 - mmcls - INFO - Saving checkpoint at 119 epochs
2023-02-05 19:38:32,941 - mmcls - INFO - Epoch(val) [119][9]	accuracy_top-1: 96.8421, accuracy_top-5: 100.0000
2023-02-05 19:38:39,096 - mmcls - INFO - Saving checkpoint at 120 epochs
2023-02-05 19:38:39,931 - mmcls - INFO - Epoch(val) [120][9]	accuracy_top-1: 96.4912, accuracy_top-5: 100.0000
2023-02-05 19:38:46,087 - mmcls - INFO - Saving checkpoint at 121 epochs
2023-02-05 19:38:46,924 - mmcls - INFO - Epoch(val) [121][9]	accuracy_top-1: 96.4912, accuracy_top-5: 100.0000
2023-02-05 19:38:53,076 - mmcls - INFO - Saving checkpoint at 122 epochs
2023-02-05 19:38:53,911 - mmcls - INFO - Epoch(val) [122][9]	accuracy_top-1: 96.3158, accuracy_top-5: 100.0000
2023-02-05 19:39:00,062 - mmcls - INFO - Saving checkpoint at 123 epochs
2023-02-05 19:39:00,901 - mmcls - INFO - Epoch(val) [123][9]	accuracy_top-1: 96.8421, accuracy_top-5: 100.0000
2023-02-05 19:39:07,043 - mmcls - INFO - Saving checkpoint at 124 epochs
2023-02-05 19:39:07,879 - mmcls - INFO - Epoch(val) [124][9]	accuracy_top-1: 96.8421, accuracy_top-5: 100.0000
2023-02-05 19:39:14,029 - mmcls - INFO - Saving checkpoint at 125 epochs
2023-02-05 19:39:14,865 - mmcls - INFO - Epoch(val) [125][9]	accuracy_top-1: 96.1404, accuracy_top-5: 100.0000
2023-02-05 19:39:21,014 - mmcls - INFO - Saving checkpoint at 126 epochs
2023-02-05 19:39:21,847 - mmcls - INFO - Epoch(val) [126][9]	accuracy_top-1: 96.4912, accuracy_top-5: 100.0000
2023-02-05 19:39:28,004 - mmcls - INFO - Saving checkpoint at 127 epochs
2023-02-05 19:39:28,843 - mmcls - INFO - Epoch(val) [127][9]	accuracy_top-1: 96.3158, accuracy_top-5: 100.0000
2023-02-05 19:39:34,986 - mmcls - INFO - Saving checkpoint at 128 epochs
2023-02-05 19:39:35,823 - mmcls - INFO - Epoch(val) [128][9]	accuracy_top-1: 96.6667, accuracy_top-5: 100.0000
2023-02-05 19:39:41,992 - mmcls - INFO - Saving checkpoint at 129 epochs
2023-02-05 19:39:42,834 - mmcls - INFO - Epoch(val) [129][9]	accuracy_top-1: 96.6667, accuracy_top-5: 100.0000
2023-02-05 19:39:48,984 - mmcls - INFO - Saving checkpoint at 130 epochs
2023-02-05 19:39:49,855 - mmcls - INFO - Epoch(val) [130][9]	accuracy_top-1: 96.4912, accuracy_top-5: 100.0000
2023-02-05 19:39:56,011 - mmcls - INFO - Saving checkpoint at 131 epochs
2023-02-05 19:39:56,849 - mmcls - INFO - Epoch(val) [131][9]	accuracy_top-1: 96.6667, accuracy_top-5: 100.0000
2023-02-05 19:40:03,001 - mmcls - INFO - Saving checkpoint at 132 epochs
2023-02-05 19:40:03,845 - mmcls - INFO - Epoch(val) [132][9]	accuracy_top-1: 96.8421, accuracy_top-5: 100.0000
2023-02-05 19:40:10,008 - mmcls - INFO - Saving checkpoint at 133 epochs
2023-02-05 19:40:10,847 - mmcls - INFO - Epoch(val) [133][9]	accuracy_top-1: 96.3158, accuracy_top-5: 100.0000
2023-02-05 19:40:16,992 - mmcls - INFO - Saving checkpoint at 134 epochs
2023-02-05 19:40:17,828 - mmcls - INFO - Epoch(val) [134][9]	accuracy_top-1: 96.4912, accuracy_top-5: 100.0000
2023-02-05 19:40:23,961 - mmcls - INFO - Saving checkpoint at 135 epochs
2023-02-05 19:40:24,797 - mmcls - INFO - Epoch(val) [135][9]	accuracy_top-1: 96.6667, accuracy_top-5: 100.0000
2023-02-05 19:40:30,939 - mmcls - INFO - Saving checkpoint at 136 epochs
2023-02-05 19:40:31,781 - mmcls - INFO - Epoch(val) [136][9]	accuracy_top-1: 96.1404, accuracy_top-5: 100.0000
2023-02-05 19:40:37,948 - mmcls - INFO - Saving checkpoint at 137 epochs
2023-02-05 19:40:38,789 - mmcls - INFO - Epoch(val) [137][9]	accuracy_top-1: 96.8421, accuracy_top-5: 100.0000
2023-02-05 19:40:44,957 - mmcls - INFO - Saving checkpoint at 138 epochs
2023-02-05 19:40:45,842 - mmcls - INFO - Epoch(val) [138][9]	accuracy_top-1: 96.6667, accuracy_top-5: 100.0000
2023-02-05 19:40:52,003 - mmcls - INFO - Saving checkpoint at 139 epochs
2023-02-05 19:40:52,848 - mmcls - INFO - Epoch(val) [139][9]	accuracy_top-1: 96.8421, accuracy_top-5: 100.0000
2023-02-05 19:40:59,001 - mmcls - INFO - Saving checkpoint at 140 epochs
2023-02-05 19:40:59,846 - mmcls - INFO - Epoch(val) [140][9]	accuracy_top-1: 96.6667, accuracy_top-5: 100.0000
2023-02-05 19:41:06,009 - mmcls - INFO - Saving checkpoint at 141 epochs
2023-02-05 19:41:06,856 - mmcls - INFO - Epoch(val) [141][9]	accuracy_top-1: 96.3158, accuracy_top-5: 100.0000
2023-02-05 19:41:13,000 - mmcls - INFO - Saving checkpoint at 142 epochs
2023-02-05 19:41:13,883 - mmcls - INFO - Epoch(val) [142][9]	accuracy_top-1: 96.6667, accuracy_top-5: 100.0000
2023-02-05 19:41:20,036 - mmcls - INFO - Saving checkpoint at 143 epochs
2023-02-05 19:41:20,918 - mmcls - INFO - Epoch(val) [143][9]	accuracy_top-1: 97.0175, accuracy_top-5: 100.0000
2023-02-05 19:41:27,073 - mmcls - INFO - Saving checkpoint at 144 epochs
2023-02-05 19:41:27,955 - mmcls - INFO - Epoch(val) [144][9]	accuracy_top-1: 96.8421, accuracy_top-5: 100.0000
2023-02-05 19:41:34,100 - mmcls - INFO - Saving checkpoint at 145 epochs
2023-02-05 19:41:34,982 - mmcls - INFO - Epoch(val) [145][9]	accuracy_top-1: 96.4912, accuracy_top-5: 100.0000
2023-02-05 19:41:41,142 - mmcls - INFO - Saving checkpoint at 146 epochs
2023-02-05 19:41:42,023 - mmcls - INFO - Epoch(val) [146][9]	accuracy_top-1: 96.3158, accuracy_top-5: 100.0000
2023-02-05 19:41:48,171 - mmcls - INFO - Saving checkpoint at 147 epochs
2023-02-05 19:41:49,008 - mmcls - INFO - Epoch(val) [147][9]	accuracy_top-1: 97.0175, accuracy_top-5: 100.0000
2023-02-05 19:41:55,172 - mmcls - INFO - Saving checkpoint at 148 epochs
2023-02-05 19:41:56,006 - mmcls - INFO - Epoch(val) [148][9]	accuracy_top-1: 96.6667, accuracy_top-5: 100.0000
2023-02-05 19:42:02,153 - mmcls - INFO - Saving checkpoint at 149 epochs
2023-02-05 19:42:02,999 - mmcls - INFO - Epoch(val) [149][9]	accuracy_top-1: 96.6667, accuracy_top-5: 100.0000
2023-02-05 19:42:09,154 - mmcls - INFO - Saving checkpoint at 150 epochs
2023-02-05 19:42:09,998 - mmcls - INFO - Epoch(val) [150][9]	accuracy_top-1: 96.4912, accuracy_top-5: 100.0000
2023-02-05 19:42:16,138 - mmcls - INFO - Saving checkpoint at 151 epochs
2023-02-05 19:42:16,987 - mmcls - INFO - Epoch(val) [151][9]	accuracy_top-1: 96.6667, accuracy_top-5: 100.0000
2023-02-05 19:42:23,149 - mmcls - INFO - Saving checkpoint at 152 epochs
2023-02-05 19:42:23,996 - mmcls - INFO - Epoch(val) [152][9]	accuracy_top-1: 96.8421, accuracy_top-5: 100.0000
2023-02-05 19:42:30,136 - mmcls - INFO - Saving checkpoint at 153 epochs
2023-02-05 19:42:31,013 - mmcls - INFO - Epoch(val) [153][9]	accuracy_top-1: 96.4912, accuracy_top-5: 100.0000
2023-02-05 19:42:37,174 - mmcls - INFO - Saving checkpoint at 154 epochs
2023-02-05 19:42:38,022 - mmcls - INFO - Epoch(val) [154][9]	accuracy_top-1: 96.4912, accuracy_top-5: 100.0000
2023-02-05 19:42:44,161 - mmcls - INFO - Saving checkpoint at 155 epochs
2023-02-05 19:42:45,012 - mmcls - INFO - Epoch(val) [155][9]	accuracy_top-1: 96.6667, accuracy_top-5: 100.0000
2023-02-05 19:42:51,165 - mmcls - INFO - Saving checkpoint at 156 epochs
2023-02-05 19:42:52,013 - mmcls - INFO - Epoch(val) [156][9]	accuracy_top-1: 97.0175, accuracy_top-5: 100.0000
2023-02-05 19:42:58,162 - mmcls - INFO - Saving checkpoint at 157 epochs
2023-02-05 19:42:59,010 - mmcls - INFO - Epoch(val) [157][9]	accuracy_top-1: 96.4912, accuracy_top-5: 100.0000
2023-02-05 19:43:05,159 - mmcls - INFO - Saving checkpoint at 158 epochs
2023-02-05 19:43:06,008 - mmcls - INFO - Epoch(val) [158][9]	accuracy_top-1: 96.3158, accuracy_top-5: 100.0000
2023-02-05 19:43:12,156 - mmcls - INFO - Saving checkpoint at 159 epochs
2023-02-05 19:43:13,008 - mmcls - INFO - Epoch(val) [159][9]	accuracy_top-1: 96.3158, accuracy_top-5: 100.0000
2023-02-05 19:43:19,153 - mmcls - INFO - Saving checkpoint at 160 epochs
2023-02-05 19:43:20,003 - mmcls - INFO - Epoch(val) [160][9]	accuracy_top-1: 96.1404, accuracy_top-5: 100.0000
2023-02-05 19:43:26,168 - mmcls - INFO - Saving checkpoint at 161 epochs
2023-02-05 19:43:27,015 - mmcls - INFO - Epoch(val) [161][9]	accuracy_top-1: 96.4912, accuracy_top-5: 100.0000
2023-02-05 19:43:33,166 - mmcls - INFO - Saving checkpoint at 162 epochs
2023-02-05 19:43:34,007 - mmcls - INFO - Epoch(val) [162][9]	accuracy_top-1: 96.6667, accuracy_top-5: 100.0000
2023-02-05 19:43:40,163 - mmcls - INFO - Saving checkpoint at 163 epochs
2023-02-05 19:43:41,007 - mmcls - INFO - Epoch(val) [163][9]	accuracy_top-1: 96.3158, accuracy_top-5: 100.0000
2023-02-05 19:43:47,173 - mmcls - INFO - Saving checkpoint at 164 epochs
2023-02-05 19:43:48,015 - mmcls - INFO - Epoch(val) [164][9]	accuracy_top-1: 96.8421, accuracy_top-5: 100.0000
2023-02-05 19:43:54,177 - mmcls - INFO - Saving checkpoint at 165 epochs
2023-02-05 19:43:55,030 - mmcls - INFO - Epoch(val) [165][9]	accuracy_top-1: 96.3158, accuracy_top-5: 100.0000
2023-02-05 19:44:01,184 - mmcls - INFO - Saving checkpoint at 166 epochs
2023-02-05 19:44:02,031 - mmcls - INFO - Epoch(val) [166][9]	accuracy_top-1: 95.9649, accuracy_top-5: 100.0000
2023-02-05 19:44:08,170 - mmcls - INFO - Saving checkpoint at 167 epochs
2023-02-05 19:44:09,020 - mmcls - INFO - Epoch(val) [167][9]	accuracy_top-1: 96.6667, accuracy_top-5: 100.0000
2023-02-05 19:44:15,175 - mmcls - INFO - Saving checkpoint at 168 epochs
2023-02-05 19:44:16,027 - mmcls - INFO - Epoch(val) [168][9]	accuracy_top-1: 96.4912, accuracy_top-5: 100.0000
2023-02-05 19:44:22,178 - mmcls - INFO - Saving checkpoint at 169 epochs
2023-02-05 19:44:23,031 - mmcls - INFO - Epoch(val) [169][9]	accuracy_top-1: 96.4912, accuracy_top-5: 100.0000
2023-02-05 19:44:29,175 - mmcls - INFO - Saving checkpoint at 170 epochs
2023-02-05 19:44:30,029 - mmcls - INFO - Epoch(val) [170][9]	accuracy_top-1: 96.3158, accuracy_top-5: 100.0000
2023-02-05 19:44:36,181 - mmcls - INFO - Saving checkpoint at 171 epochs
2023-02-05 19:44:37,039 - mmcls - INFO - Epoch(val) [171][9]	accuracy_top-1: 96.4912, accuracy_top-5: 100.0000
2023-02-05 19:44:43,178 - mmcls - INFO - Saving checkpoint at 172 epochs
2023-02-05 19:44:44,029 - mmcls - INFO - Epoch(val) [172][9]	accuracy_top-1: 96.6667, accuracy_top-5: 100.0000
2023-02-05 19:44:50,179 - mmcls - INFO - Saving checkpoint at 173 epochs
2023-02-05 19:44:51,030 - mmcls - INFO - Epoch(val) [173][9]	accuracy_top-1: 96.6667, accuracy_top-5: 100.0000
2023-02-05 19:44:57,169 - mmcls - INFO - Saving checkpoint at 174 epochs
2023-02-05 19:44:58,013 - mmcls - INFO - Epoch(val) [174][9]	accuracy_top-1: 96.6667, accuracy_top-5: 100.0000
2023-02-05 19:45:04,166 - mmcls - INFO - Saving checkpoint at 175 epochs
2023-02-05 19:45:05,009 - mmcls - INFO - Epoch(val) [175][9]	accuracy_top-1: 96.6667, accuracy_top-5: 100.0000
2023-02-05 19:45:11,152 - mmcls - INFO - Saving checkpoint at 176 epochs
2023-02-05 19:45:11,993 - mmcls - INFO - Epoch(val) [176][9]	accuracy_top-1: 96.6667, accuracy_top-5: 100.0000
2023-02-05 19:45:18,137 - mmcls - INFO - Saving checkpoint at 177 epochs
2023-02-05 19:45:18,983 - mmcls - INFO - Epoch(val) [177][9]	accuracy_top-1: 96.6667, accuracy_top-5: 100.0000
2023-02-05 19:45:25,140 - mmcls - INFO - Saving checkpoint at 178 epochs
2023-02-05 19:45:25,980 - mmcls - INFO - Epoch(val) [178][9]	accuracy_top-1: 96.1404, accuracy_top-5: 100.0000
2023-02-05 19:45:32,130 - mmcls - INFO - Saving checkpoint at 179 epochs
2023-02-05 19:45:32,971 - mmcls - INFO - Epoch(val) [179][9]	accuracy_top-1: 96.6667, accuracy_top-5: 100.0000
2023-02-05 19:45:39,138 - mmcls - INFO - Saving checkpoint at 180 epochs
2023-02-05 19:45:39,978 - mmcls - INFO - Epoch(val) [180][9]	accuracy_top-1: 97.0175, accuracy_top-5: 100.0000
2023-02-05 19:45:46,135 - mmcls - INFO - Saving checkpoint at 181 epochs
2023-02-05 19:45:46,983 - mmcls - INFO - Epoch(val) [181][9]	accuracy_top-1: 96.3158, accuracy_top-5: 100.0000
2023-02-05 19:45:53,145 - mmcls - INFO - Saving checkpoint at 182 epochs
2023-02-05 19:45:53,985 - mmcls - INFO - Epoch(val) [182][9]	accuracy_top-1: 96.8421, accuracy_top-5: 100.0000
2023-02-05 19:46:00,137 - mmcls - INFO - Saving checkpoint at 183 epochs
2023-02-05 19:46:00,979 - mmcls - INFO - Epoch(val) [183][9]	accuracy_top-1: 97.0175, accuracy_top-5: 100.0000
2023-02-05 19:46:07,134 - mmcls - INFO - Saving checkpoint at 184 epochs
2023-02-05 19:46:07,981 - mmcls - INFO - Epoch(val) [184][9]	accuracy_top-1: 96.8421, accuracy_top-5: 100.0000
2023-02-05 19:46:14,122 - mmcls - INFO - Saving checkpoint at 185 epochs
2023-02-05 19:46:14,971 - mmcls - INFO - Epoch(val) [185][9]	accuracy_top-1: 96.6667, accuracy_top-5: 100.0000
2023-02-05 19:46:21,115 - mmcls - INFO - Saving checkpoint at 186 epochs
2023-02-05 19:46:21,962 - mmcls - INFO - Epoch(val) [186][9]	accuracy_top-1: 96.6667, accuracy_top-5: 100.0000
2023-02-05 19:46:28,111 - mmcls - INFO - Saving checkpoint at 187 epochs
2023-02-05 19:46:28,951 - mmcls - INFO - Epoch(val) [187][9]	accuracy_top-1: 96.6667, accuracy_top-5: 100.0000
2023-02-05 19:46:35,099 - mmcls - INFO - Saving checkpoint at 188 epochs
2023-02-05 19:46:35,944 - mmcls - INFO - Epoch(val) [188][9]	accuracy_top-1: 96.8421, accuracy_top-5: 100.0000
2023-02-05 19:46:42,098 - mmcls - INFO - Saving checkpoint at 189 epochs
2023-02-05 19:46:42,938 - mmcls - INFO - Epoch(val) [189][9]	accuracy_top-1: 96.4912, accuracy_top-5: 100.0000
2023-02-05 19:46:49,094 - mmcls - INFO - Saving checkpoint at 190 epochs
2023-02-05 19:46:49,935 - mmcls - INFO - Epoch(val) [190][9]	accuracy_top-1: 96.4912, accuracy_top-5: 100.0000
2023-02-05 19:46:56,082 - mmcls - INFO - Saving checkpoint at 191 epochs
2023-02-05 19:46:56,931 - mmcls - INFO - Epoch(val) [191][9]	accuracy_top-1: 96.8421, accuracy_top-5: 100.0000
2023-02-05 19:47:03,077 - mmcls - INFO - Saving checkpoint at 192 epochs
2023-02-05 19:47:03,920 - mmcls - INFO - Epoch(val) [192][9]	accuracy_top-1: 96.6667, accuracy_top-5: 100.0000
2023-02-05 19:47:10,082 - mmcls - INFO - Saving checkpoint at 193 epochs
2023-02-05 19:47:10,930 - mmcls - INFO - Epoch(val) [193][9]	accuracy_top-1: 96.3158, accuracy_top-5: 100.0000
2023-02-05 19:47:17,072 - mmcls - INFO - Saving checkpoint at 194 epochs
2023-02-05 19:47:17,918 - mmcls - INFO - Epoch(val) [194][9]	accuracy_top-1: 96.4912, accuracy_top-5: 100.0000
2023-02-05 19:47:24,068 - mmcls - INFO - Saving checkpoint at 195 epochs
2023-02-05 19:47:24,916 - mmcls - INFO - Epoch(val) [195][9]	accuracy_top-1: 96.4912, accuracy_top-5: 100.0000
2023-02-05 19:47:31,069 - mmcls - INFO - Saving checkpoint at 196 epochs
2023-02-05 19:47:31,916 - mmcls - INFO - Epoch(val) [196][9]	accuracy_top-1: 96.4912, accuracy_top-5: 100.0000
2023-02-05 19:47:38,073 - mmcls - INFO - Saving checkpoint at 197 epochs
2023-02-05 19:47:38,972 - mmcls - INFO - Epoch(val) [197][9]	accuracy_top-1: 96.4912, accuracy_top-5: 100.0000
2023-02-05 19:47:45,127 - mmcls - INFO - Saving checkpoint at 198 epochs
2023-02-05 19:47:45,969 - mmcls - INFO - Epoch(val) [198][9]	accuracy_top-1: 96.1404, accuracy_top-5: 100.0000
2023-02-05 19:47:52,132 - mmcls - INFO - Saving checkpoint at 199 epochs
2023-02-05 19:47:52,973 - mmcls - INFO - Epoch(val) [199][9]	accuracy_top-1: 96.4912, accuracy_top-5: 100.0000
2023-02-05 19:47:59,131 - mmcls - INFO - Saving checkpoint at 200 epochs
2023-02-05 19:47:59,968 - mmcls - INFO - Epoch(val) [200][9]	accuracy_top-1: 96.3158, accuracy_top-5: 100.0000
2023-02-05 19:48:06,119 - mmcls - INFO - Saving checkpoint at 201 epochs
2023-02-05 19:48:06,955 - mmcls - INFO - Epoch(val) [201][9]	accuracy_top-1: 96.6667, accuracy_top-5: 100.0000
2023-02-05 19:48:13,107 - mmcls - INFO - Saving checkpoint at 202 epochs
2023-02-05 19:48:13,944 - mmcls - INFO - Epoch(val) [202][9]	accuracy_top-1: 96.3158, accuracy_top-5: 100.0000
2023-02-05 19:48:20,087 - mmcls - INFO - Saving checkpoint at 203 epochs
2023-02-05 19:48:20,924 - mmcls - INFO - Epoch(val) [203][9]	accuracy_top-1: 96.6667, accuracy_top-5: 100.0000
2023-02-05 19:48:27,074 - mmcls - INFO - Saving checkpoint at 204 epochs
2023-02-05 19:48:27,911 - mmcls - INFO - Epoch(val) [204][9]	accuracy_top-1: 96.4912, accuracy_top-5: 100.0000
2023-02-05 19:48:34,062 - mmcls - INFO - Saving checkpoint at 205 epochs
2023-02-05 19:48:34,902 - mmcls - INFO - Epoch(val) [205][9]	accuracy_top-1: 96.6667, accuracy_top-5: 100.0000
2023-02-05 19:48:41,062 - mmcls - INFO - Saving checkpoint at 206 epochs
2023-02-05 19:48:41,898 - mmcls - INFO - Epoch(val) [206][9]	accuracy_top-1: 97.0175, accuracy_top-5: 100.0000
2023-02-05 19:48:48,049 - mmcls - INFO - Saving checkpoint at 207 epochs
2023-02-05 19:48:48,888 - mmcls - INFO - Epoch(val) [207][9]	accuracy_top-1: 95.7895, accuracy_top-5: 100.0000
2023-02-05 19:48:55,047 - mmcls - INFO - Saving checkpoint at 208 epochs
2023-02-05 19:48:55,891 - mmcls - INFO - Epoch(val) [208][9]	accuracy_top-1: 96.4912, accuracy_top-5: 100.0000
2023-02-05 19:49:02,042 - mmcls - INFO - Saving checkpoint at 209 epochs
2023-02-05 19:49:02,885 - mmcls - INFO - Epoch(val) [209][9]	accuracy_top-1: 96.6667, accuracy_top-5: 100.0000
2023-02-05 19:49:09,044 - mmcls - INFO - Saving checkpoint at 210 epochs
2023-02-05 19:49:09,878 - mmcls - INFO - Epoch(val) [210][9]	accuracy_top-1: 96.6667, accuracy_top-5: 100.0000
2023-02-05 19:49:16,040 - mmcls - INFO - Saving checkpoint at 211 epochs
2023-02-05 19:49:16,916 - mmcls - INFO - Epoch(val) [211][9]	accuracy_top-1: 96.6667, accuracy_top-5: 100.0000
2023-02-05 19:49:23,083 - mmcls - INFO - Saving checkpoint at 212 epochs
2023-02-05 19:49:23,930 - mmcls - INFO - Epoch(val) [212][9]	accuracy_top-1: 96.3158, accuracy_top-5: 100.0000
2023-02-05 19:49:30,082 - mmcls - INFO - Saving checkpoint at 213 epochs
2023-02-05 19:49:30,922 - mmcls - INFO - Epoch(val) [213][9]	accuracy_top-1: 96.4912, accuracy_top-5: 100.0000
2023-02-05 19:49:37,082 - mmcls - INFO - Saving checkpoint at 214 epochs
2023-02-05 19:49:37,918 - mmcls - INFO - Epoch(val) [214][9]	accuracy_top-1: 96.8421, accuracy_top-5: 100.0000
2023-02-05 19:49:44,055 - mmcls - INFO - Saving checkpoint at 215 epochs
2023-02-05 19:49:44,897 - mmcls - INFO - Epoch(val) [215][9]	accuracy_top-1: 96.8421, accuracy_top-5: 100.0000
2023-02-05 19:49:51,042 - mmcls - INFO - Saving checkpoint at 216 epochs
2023-02-05 19:49:51,881 - mmcls - INFO - Epoch(val) [216][9]	accuracy_top-1: 96.1404, accuracy_top-5: 100.0000
2023-02-05 19:49:58,031 - mmcls - INFO - Saving checkpoint at 217 epochs
2023-02-05 19:49:58,872 - mmcls - INFO - Epoch(val) [217][9]	accuracy_top-1: 97.0175, accuracy_top-5: 100.0000
2023-02-05 19:50:05,006 - mmcls - INFO - Saving checkpoint at 218 epochs
2023-02-05 19:50:05,842 - mmcls - INFO - Epoch(val) [218][9]	accuracy_top-1: 96.6667, accuracy_top-5: 100.0000
2023-02-05 19:50:11,995 - mmcls - INFO - Saving checkpoint at 219 epochs
2023-02-05 19:50:12,835 - mmcls - INFO - Epoch(val) [219][9]	accuracy_top-1: 96.3158, accuracy_top-5: 100.0000
